09/07/11, 19:51:25, 4, 0, \\server\E\NEWERP\NEWPDMS\PDMS\Reports\Service Tax Paid Report.RPT:Error detected by database DLL.
09/07/11, 19:54:19, 4, 0, \\server\E\NEWERP\NEWPDMS\PDMS\Reports\Service Tax Paid Report.RPT:Error detected by database DLL.
09/23/11, 16:38:26, 4, 0, \\server\e\NEWERP\NEWPDMS\PDMS\Reports\PowerConsumption.rpt:Error detected by database DLL.
09/22/11, 08:48:49, 4, 0, \\Server\e\NEWERP\NEWPDMS\PDMS\Reports\AreawiseOSReturnableCops.rpt:Error detected by database DLL.
09/22/11, 08:48:53, 4, 0, \\Server\e\NEWERP\NEWPDMS\PDMS\Reports\AreawiseOSReturnableCops.rpt:Error detected by database DLL.
24/09/2011, 11:20:00, 4, 0, \\Server\E\NEWERP\NEWPDMS\PDMS\Reports\ReturnablePayablePalletReceiveRegister.rpt:Error detected by database DLL.
09/24/11, 11:20:24, 4, 0, \\Server\E\NEWERP\NEWPDMS\PDMS\Reports\ReturnableReceivalbePalletIssueRegister.rpt:Error detected by database DLL.
10/15/11, 11:56:38, 4, 0, \\Server\E\NEWERP\NEWPDMS\PDMS\Reports\ReturnablePalletsGatePass.rpt:Error detected by database DLL.
22/10/2011, 15:23:12, 4, 0, E:\NEWERP\NEWPDMS\PDMS\Reports\rpt_PackSlip_SLS.rpt:This field name is not known.
22/10/2011, 15:23:41, 4, 0, E:\NEWERP\NEWPDMS\PDMS\Reports\rpt_PackSlip_SLS.rpt:This field name is not known.
11/01/11, 11:43:15, 4, 0, \\Server\E\NEWERP\NEWPDMS\PDMS\Reports\ReturnablePalletsGatePass.rpt:Error detected by database DLL.
03/11/2011, 15:30:07, 4, 0, \\Server\E\NEWERP\NEWPDMS\PDMS\Reports\BoxWiseDispatchRegister.rpt:Error starting print job. Please check your printer or network connection.
11/07/11, 17:17:10, 4, 0, E:\NEWERP\NEWPDMS\PDMS\Reports\MachineWisePackingRegister.RPT:A number, currency amount, boolean, date, time, date-time, or string is expected here.
11/07/11, 17:18:24, 4, 0, E:\NEWERP\NEWPDMS\PDMS\Reports\MachineWisePackingRegister.RPT:A number, currency amount, boolean, date, time, date-time, or string is expected here.
11/07/11, 17:19:09, 4, 0, E:\NEWERP\NEWPDMS\PDMS\Reports\MachineWisePackingRegister.RPT:A number, currency amount, boolean, date, time, date-time, or string is expected here.
11/08/11, 11:49:26, 4, 0, \\Server\E\NEWERP\NEWPDMS\PDMS\Reports\MachineWisePackingRegister.RPT:A number, currency amount, boolean, date, time, date-time, or string is expected here.
11/11/2011, 14:17:16, 4, 0, E:\NEWERP\NEWPDMS\PDMS\Reports\Item WisePackingRegister.RPT:A number, currency amount, boolean, date, time, date-time, or string is expected here.
11/11/11, 18:49:47, 4, 0, \\Server\e\NEWERP\NEWPDMS\PDMS\Reports\MachineWisePackingRegister.RPT:A number, currency amount, boolean, date, time, date-time, or string is expected here.
11/11/11, 18:51:14, 4, 0, \\Server\e\NEWERP\NEWPDMS\PDMS\Reports\MachineWisePackingRegister.RPT:A number, currency amount, boolean, date, time, date-time, or string is expected here.
11/11/11, 18:52:21, 4, 0, \\Server\e\NEWERP\NEWPDMS\PDMS\Reports\MachineWisePackingRegister.RPT:A number is required here.
11/11/11, 18:52:34, 4, 0, \\Server\e\NEWERP\NEWPDMS\PDMS\Reports\MachineWisePackingRegister.RPT:A number is required here.
11/11/11, 18:54:02, 4, 0, \\Server\e\NEWERP\NEWPDMS\PDMS\Reports\MachineWisePackingRegister.RPT:A number is required here.
11/11/2011, 20:23:07, 4, 0, \\Server\e\NEWERP\NEWPDMS\PDMS\Reports\LumpsumLocationwise.RPT:This field name is not known.
11/11/11, 20:47:34, 4, 0, \\Server\e\NEWERP\NEWPDMS\PDMS\Reports\Machine+Item+Lot+Grade WisePkgBoxSummary.rpt:A number, currency amount, boolean, date, time, date-time, or string is expected here.
11/11/11, 20:49:14, 4, 0, \\Server\e\NEWERP\NEWPDMS\PDMS\Reports\PowerConsumption.rpt:Error detected by database DLL.
11/17/11, 13:42:38, 4, 0, :File not found.
11/17/11, 13:42:38, 4, 0, :File not found.
11/23/11, 16:41:19, 4, 0, E:\NEWERP\NEWPDMS\PDMS\Reports\RPT_DEPTMASTER.rpt:Error detected by database DLL.
11/23/11, 16:41:55, 4, 0, E:\NEWERP\NEWPDMS\PDMS\Reports\RPT_DEPTMASTER.rpt:Error detected by database DLL.
11/23/11, 16:44:08, 4, 0, E:\NEWERP\NEWPDMS\PDMS\Reports\RPT_DEPTMASTER.rpt:Error detected by database DLL.
23/12/2011, 15:30:34, 4, 0, \\server\e\newerp\NEWPDMS\PDMS\Reports\DateWiseExportPackingRegWithItem.RPT:This field name is not known.
01/28/12, 18:38:16, 4, 0, \\server\E\NEWERP\NEWPDMS\PDMS\Reports\RPT_Consigneewise_Avg_RateRealisation.RPT:Error detected by database DLL.
01/28/12, 18:41:13, 4, 0, \\server\E\NEWERP\NEWPDMS\PDMS\Reports\RPT_Consigneewise_Avg_RateRealisation.RPT:Error detected by database DLL.
01/28/12, 18:42:35, 4, 0, \\server\E\NEWERP\NEWPDMS\PDMS\Reports\RPT_Consigneewise_Avg_RateRealisation.RPT:Error detected by database DLL.
01/30/12, 17:21:38, 4, 0, E:\NEWERP\NEWPDMS\PDMS\Reports\PowerConsumption.rpt:Error detected by database DLL.
02/09/12, 20:39:03, 4, 0, \\server\e\NEWERP\NEWPDMS\PDMS\Reports\JOBWORK_PARTYWISEREG.RPT:This field name is not known.
15/02/2012, 16:18:54, 4, 0, E:\NEWERP\NEWPDMS\PDMS\Reports\Dispatch With DO.rpt:A number is required here.
15/02/2012, 16:19:42, 4, 0, E:\NEWERP\NEWPDMS\PDMS\Reports\Dispatch With DO.rpt:A number is required here.
15/02/2012, 16:21:29, 4, 0, E:\NEWERP\NEWPDMS\PDMS\Reports\Dispatch With DO.rpt:A number is required here.
02/15/12, 19:36:24, 4, 0, E:\NEWERP\NEWPDMS\PDMS\Reports\Dispatch With DO.rpt:A string is required here.
02/15/12, 19:38:33, 4, 0, E:\NEWERP\NEWPDMS\PDMS\Reports\Dispatch With DO.rpt:A string is required here.
13/03/2012, 16:27:27, 4, 0, \\server\E\NEWERP\NEWPDMS\PDMS\Reports\ExciseRG1_Summary.rpt:This field name is not known.
13/03/2012, 16:27:34, 4, 0, \\server\E\NEWERP\NEWPDMS\PDMS\Reports\ExciseRG1_Detail.rpt:This field name is not known.
03/15/12, 18:42:11, 4, 0, \\server\e\NEWERP\NEWPDMS\PDMS\Reports\PowerConsumption.rpt:Error detected by database DLL.
03/17/12, 11:43:27, 4, 0, \\server\e\newerp\NEWPDMS\PDMS\Reports\SALESMAN+PARTYWISE_ORDERHISTORY.RPT:Error starting print job. Please check your printer or network connection.
04/24/12, 11:23:33, 4, 0, \\server\e\newerp\NEWPDMS\PDMS\Reports\RPT_Progressive.rpt:User cancelled.
04/24/12, 11:23:56, 4, 0, \\server\e\newerp\NEWPDMS\PDMS\Reports\RPT_Progressive.rpt:User cancelled.
04/24/12, 11:25:13, 4, 0, \\server\e\newerp\NEWPDMS\PDMS\Reports\RPT_Progressive.rpt:User cancelled.
05/14/12, 16:07:07, 4, 0, \\server\e\newerp\NEWPDMS\PDMS\Reports\Annexture4.rpt:Error detected by database DLL.
05/14/12, 16:07:26, 4, 0, \\server\e\newerp\NEWPDMS\PDMS\Reports\Annexture4.rpt:Error detected by database DLL.
05/14/12, 18:20:19, 4, 0, E:\NEWERP\NEWPDMS\PDMS\Reports\RPTCosting.rpt:Error detected by database DLL.
06/06/12, 20:03:47, 4, 0, \\server\E\NEWERP\NEWPDMS\PDMS\Reports\RPT_PND_ORDER_VS_CUR_STK.rpt:Error detected by database DLL.
06/22/12, 17:12:05, 4, 0, \\server\e\newerp\NEWPDMS\PDMS\Reports\RPT_Progressive.rpt:User cancelled.
09/08/2012, 11:41:24, 4, 0, E:\NEWERP\NEWPDMS\PDMS\Reports\Division+Machine+Item Wise WIP Stock Status Report.rpt:This field name is not known.
09/08/2012, 11:41:40, 4, 0, E:\NEWERP\NEWPDMS\PDMS\Reports\Division+Machine+Item Wise WIP Stock Status Report.rpt:This field name is not known.
09/08/2012, 12:02:58, 4, 0, E:\NEWERP\NEWPDMS\PDMS\Reports\Division+Machine WIP Ledger.rpt:This field name is not known.
09/08/2012, 12:04:25, 4, 0, E:\NEWERP\NEWPDMS\PDMS\Reports\Division+Machine WIP Ledger.rpt:This field name is not known.
09/08/2012, 12:04:51, 4, 0, E:\NEWERP\NEWPDMS\PDMS\Reports\Division+Machine WIP Ledger.rpt:Error detected by database DLL.
09/08/2012, 12:12:08, 4, 0, E:\NEWERP\NEWPDMS\PDMS\Reports\Division+Machine+Item Wise WIP Stock Status Report.rpt:Error detected by database DLL.
09/08/2012, 12:12:20, 4, 0, E:\NEWERP\NEWPDMS\PDMS\Reports\Division+Machine+Item Wise WIP Stock Status Report.rpt:Error detected by database DLL.
09/08/2012, 12:12:37, 4, 0, E:\NEWERP\NEWPDMS\PDMS\Reports\Division+Item Wise WIP Stock Status Report.rpt:Error detected by database DLL.
08/14/12, 20:28:00, 4, 0, \\Nserver\NEWERP\NEWERP\NEWPDMS\PDMS\Reports\invoice_excise.rpt:Error detected by database DLL.
08/14/12, 20:28:45, 4, 0, \\Nserver\NEWERP\NEWERP\NEWPDMS\PDMS\Reports\invoice_excise.rpt:Error detected by database DLL.
09/01/12, 01:24:18, 4, 0, \\Nserver\NEWERP\NEWERP\NEWPDMS\PDMS\Reports\Mc+Denier+Lot+Grade Wise Finished Detail Stock.rpt:Error starting print job. Please check your printer or network connection.
09/01/12, 01:25:01, 4, 0, \\Nserver\NEWERP\NEWERP\NEWPDMS\PDMS\Reports\Mc+Denier+Lot+Grade Wise Finished Detail Stock.rpt:Error starting print job. Please check your printer or network connection.
09/04/12, 13:38:47, 4, 0, E:\NEWERP\NEWPDMS\PDMS\Reports\Division+Machine+Item Wise WIP Stock Status Report.rpt:Error detected by database DLL.
09/04/12, 13:38:54, 4, 0, E:\NEWERP\NEWPDMS\PDMS\Reports\Division+Machine+Item Wise WIP Stock Status Report.rpt:Error detected by database DLL.
09/04/12, 13:39:02, 4, 0, E:\NEWERP\NEWPDMS\PDMS\Reports\Division+Item Wise WIP Stock Status Report.rpt:Error detected by database DLL.
09/04/12, 13:39:10, 4, 0, E:\NEWERP\NEWPDMS\PDMS\Reports\Division+Machine WIP Ledger.rpt:Error detected by database DLL.
09/04/12, 13:39:16, 4, 0, E:\NEWERP\NEWPDMS\PDMS\Reports\Division+Machine Wise WIP Stock Status Report.rpt:Error detected by database DLL.
09/04/12, 13:39:24, 4, 0, E:\NEWERP\NEWPDMS\PDMS\Reports\Division Wise WIP Stock Status Report.rpt:Error detected by database DLL.
09/04/12, 13:39:53, 4, 0, E:\NEWERP\NEWPDMS\PDMS\Reports\Division+Item Wise WIP Stock Status Report.rpt:Error detected by database DLL.
09/21/12, 19:23:18, 4, 0, E:\NEWERP\NEWPDMS\PDMS\Reports\Division+Item Wise WIP Stock Status Report.rpt:Error detected by database DLL.
09/21/12, 19:23:24, 4, 0, E:\NEWERP\NEWPDMS\PDMS\Reports\Division+Item Wise WIP Stock Status Report.rpt:Error detected by database DLL.
09/21/12, 19:23:28, 4, 0, E:\NEWERP\NEWPDMS\PDMS\Reports\Division+Item Wise WIP Stock Status Report.rpt:Error detected by database DLL.
09/21/12, 19:24:10, 4, 0, E:\NEWERP\NEWPDMS\PDMS\Reports\Division+Machine+Item Wise WIP Stock Status Report.rpt:Error detected by database DLL.
09/21/12, 19:24:13, 4, 0, E:\NEWERP\NEWPDMS\PDMS\Reports\Division+Item Wise WIP Stock Status Report.rpt:Error detected by database DLL.
09/21/12, 19:24:37, 4, 0, E:\NEWERP\NEWPDMS\PDMS\Reports\Division+Item Wise WIP Stock Status Report.rpt:Error detected by database DLL.
27/09/2012, 11:53:13, 4, 0, E:\NEWERP\NEWPDMS\PDMS\Reports\Annexture4.rpt:Server has not yet been opened.
10/04/12, 18:18:53, 4, 0, E:\NEWERP\NEWPDMS\PDMS\Reports\CHOKSHI1.rpt:Division by zero.
10/04/12, 18:19:57, 4, 0, E:\NEWERP\NEWPDMS\PDMS\Reports\CHOKSHI1.rpt:Division by zero.
10/05/12, 12:46:32, 4, 0, \\Nserver\NEWERP\NEWERP\NEWPDMS\PDMS\Reports\Annexture4.rpt:Error detected by database DLL.
10/05/12, 12:52:53, 4, 0, E:\NEWERP\NEWPDMS\PDMS\Reports\Annexture4.rpt:Error detected by database DLL.
06/11/2012, 17:41:14, 4, 0, E:\NEWERP\NEWPDMS\PDMS\Reports\Grade_SubGrade WisePkgBoxSummary.rpt:Error detected by database DLL.
06/11/2012, 17:59:01, 4, 0, E:\NEWERP\NEWPDMS\PDMS\Reports\Grade_SubGrade WisePkgBoxSummary.rpt:This field name is not known.
11/08/12, 12:29:09, 4, 0, E:\NEWERP\NEWPDMS\PDMS\Reports\RPT_DVAT.rpt:A string is required here.
11/08/12, 12:48:40, 4, 0, E:\NEWERP\NEWPDMS\PDMS\Reports\RPT_DVAT.rpt:A string is required here.
11/08/12, 12:55:33, 4, 0, E:\NEWERP\NEWPDMS\PDMS\Reports\RPT_DVAT.rpt:A string is required here.
11/23/12, 14:12:23, 4, 0, D:\NEWERP\NEWPDMS\PDMS\Reports\DateWiseGRWastePackingRegister.rpt:Error detected by database DLL.
11/23/12, 14:12:51, 4, 0, D:\NEWERP\NEWPDMS\PDMS\Reports\DateWiseGRWastePackingRegister.rpt:Error detected by database DLL.
04/12/2012, 13:58:16, 4, 0, \\nserver\NEWERP\NEWERP\NEWPDMS\PDMS\Reports\Annexture5.rpt:Error detected by database DLL.
04/12/2012, 13:58:51, 4, 0, \\nserver\NEWERP\NEWERP\NEWPDMS\PDMS\Reports\Annexture5.rpt:Error detected by database DLL.
